<?xml version="1.0" encoding="UTF-8"?>
<!-- Generated by org.testng.reporters.JUnitXMLReporter -->
<testsuite ignored="5" hostname="LAPTOP-363D707P" failures="0" tests="5" name="Default test" time="68.587" errors="0" timestamp="2025-07-21T14:44:21 IST">
  <testcase classname="pom.pages1.LoginTest" name="testFailedLogin" time="10.93"/>
  <testcase classname="pom.pages1.LoginTest" name="testFailedLogin" time="10.991"/>
  <testcase classname="pom.pages1.LoginTest" name="testFailedLogin" time="10.766"/>
  <testcase classname="pom.pages1.LoginTest" name="testFailedLogin" time="10.691"/>
  <testcase classname="pom.pages1.LoginTest" name="testFailedLogin" time="10.756"/>
  <testcase classname="pom.pages1.LoginTest" name="testPasswordFieldMasking" time="0.0">
    <ignored/>
  </testcase> <!-- testPasswordFieldMasking -->
  <testcase classname="pom.pages1.LoginTest" name="testSuccessfulLogin" time="0.0">
    <ignored/>
  </testcase> <!-- testSuccessfulLogin -->
  <testcase classname="pom.pages1.LoginTest" name="testLoginPageUIElements" time="0.0">
    <ignored/>
  </testcase> <!-- testLoginPageUIElements -->
  <testcase classname="pom.pages1.LoginTest" name="PageFactoryTest" time="0.0">
    <ignored/>
  </testcase> <!-- PageFactoryTest -->
  <testcase classname="pom.pages1.LoginTest" name="testLoginWithEmptyCredentials" time="0.0">
    <ignored/>
  </testcase> <!-- testLoginWithEmptyCredentials -->
</testsuite> <!-- Default test -->
