<?xml version="1.0" encoding="UTF-8"?>
<!-- Generated by org.testng.reporters.JUnitXMLReporter -->
<testsuite ignored="0" hostname="LAPTOP-363D707P" failures="1" tests="3" name="Test" time="0.043" errors="0" timestamp="2025-07-02T10:50:59 IST">
  <testcase classname="Listner.IReportTest" name="firstMethod" time="0.008"/>
  <testcase classname="Listner.IReportTest" name="secondMethod" time="0.005">
    <failure type="java.lang.AssertionError" message="expected [true] but found [false]">
      <![CDATA[java.lang.AssertionError: expected [true] but found [false]
at Listner.IReportTest.secondMethod(IReportTest.java:14)
at java.base/java.util.ArrayList.forEach(ArrayList.java:1604)
... Removed 30 stack frames]]>
    </failure>
  </testcase> <!-- secondMethod -->
  <testcase classname="Listner.IReportTest" name="thirdMethod" time="0.002"/>
</testsuite> <!-- Test -->
