<?xml version="1.0" encoding="UTF-8"?>
<!-- Generated by org.testng.reporters.JUnitXMLReporter -->
<testsuite ignored="0" hostname="LAPTOP-363D707P" failures="1" tests="6" name="Test" time="0.112" errors="0" timestamp="2025-07-02T10:50:59 IST">
  <testcase classname="Listner.TestNG" name="AccountTest" time="0.018"/>
  <testcase classname="Listner.TestNG" name="AccountTest" time="0.002"/>
  <testcase classname="Listner.TestNG" name="AccountTest" time="0.002"/>
  <testcase classname="Listner.TestNG" name="CloseBrowser" time="0.002"/>
  <testcase classname="Listner.TestNG" name="OpenBrowser" time="0.005">
    <failure type="java.lang.AssertionError" message="Titles of the website do not match expected [Free QA Automation Tools For Everyone] but found []">
      <![CDATA[java.lang.AssertionError: Titles of the website do not match expected [Free QA Automation Tools For Everyone] but found []
at Listner.TestNG.OpenBrowser(TestNG.java:23)
at java.base/java.util.ArrayList.forEach(ArrayList.java:1604)
... Removed 31 stack frames]]>
    </failure>
  </testcase> <!-- OpenBrowser -->
  <testcase classname="Listner.TestNG" name="SkipTest" time="0.002">
    <skipped/>
  </testcase> <!-- SkipTest -->
</testsuite> <!-- Test -->
